execve("./jagbar", ["./jagbar"], 0x7ffd07dcd9f0 /* 35 vars */) = 0
brk(NULL)                               = 0x5ea08afa1000
access("/etc/ld.so.preload", R_OK)      = -1 ENOENT (No such file or directory)
openat(AT_FDCWD, "/etc/ld.so.cache", O_RDONLY|O_CLOEXEC) = 3
fstat(3, {st_mode=S_IFREG|0644, st_size=82623, ...}) = 0
mmap(NULL, 82623, PROT_READ, MAP_PRIVATE, 3, 0) = 0x7acc95d4e000
close(3)                                = 0
openat(AT_FDCWD, "/usr/lib/libX11.so.6", O_RDONLY|O_CLOEXEC) = 3
read(3, "\177ELF\2\1\1\0\0\0\0\0\0\0\0\0\3\0>\0\1\0\0\0\0\0\0\0\0\0\0\0"..., 832) = 832
fstat(3, {st_mode=S_IFREG|0755, st_size=1309088, ...}) = 0
mmap(NULL, 8192, PROT_READ|PROT_WRITE, MAP_PRIVATE|MAP_ANONYMOUS, -1, 0) = 0x7acc95d4c000
mmap(NULL, 1313000, PROT_READ, MAP_PRIVATE|MAP_DENYWRITE, 3, 0) = 0x7acc95c0b000
mmap(0x7acc95c22000, 606208, PROT_READ|PROT_EXEC, MAP_PRIVATE|MAP_FIXED|MAP_DENYWRITE, 3, 0x17000) = 0x7acc95c22000
mmap(0x7acc95cb6000, 585728, PROT_READ, MAP_PRIVATE|MAP_FIXED|MAP_DENYWRITE, 3, 0xab000) = 0x7acc95cb6000
mmap(0x7acc95d45000, 28672, PROT_READ|PROT_WRITE, MAP_PRIVATE|MAP_FIXED|MAP_DENYWRITE, 3, 0x139000) = 0x7acc95d45000
close(3)                                = 0
openat(AT_FDCWD, "/usr/lib/libXext.so.6", O_RDONLY|O_CLOEXEC) = 3
read(3, "\177ELF\2\1\1\0\0\0\0\0\0\0\0\0\3\0>\0\1\0\0\0\0\0\0\0\0\0\0\0"..., 832) = 832
fstat(3, {st_mode=S_IFREG|0755, st_size=80952, ...}) = 0
mmap(NULL, 83776, PROT_READ, MAP_PRIVATE|MAP_DENYWRITE, 3, 0) = 0x7acc95bf6000
mmap(0x7acc95bfa000, 45056, PROT_READ|PROT_EXEC, MAP_PRIVATE|MAP_FIXED|MAP_DENYWRITE, 3, 0x4000) = 0x7acc95bfa000
mmap(0x7acc95c05000, 16384, PROT_READ, MAP_PRIVATE|MAP_FIXED|MAP_DENYWRITE, 3, 0xf000) = 0x7acc95c05000
mmap(0x7acc95c09000, 8192, PROT_READ|PROT_WRITE, MAP_PRIVATE|MAP_FIXED|MAP_DENYWRITE, 3, 0x12000) = 0x7acc95c09000
close(3)                                = 0
openat(AT_FDCWD, "/usr/lib/libc.so.6", O_RDONLY|O_CLOEXEC) = 3
read(3, "\177ELF\2\1\1\3\0\0\0\0\0\0\0\0\3\0>\0\1\0\0\0`v\2\0\0\0\0\0"..., 832) = 832
pread64(3, "\6\0\0\0\4\0\0\0@\0\0\0\0\0\0\0@\0\0\0\0\0\0\0@\0\0\0\0\0\0\0"..., 840, 64) = 840
fstat(3, {st_mode=S_IFREG|0755, st_size=2014520, ...}) = 0
pread64(3, "\6\0\0\0\4\0\0\0@\0\0\0\0\0\0\0@\0\0\0\0\0\0\0@\0\0\0\0\0\0\0"..., 840, 64) = 840
mmap(NULL, 2038904, PROT_READ, MAP_PRIVATE|MAP_DENYWRITE, 3, 0) = 0x7acc95a04000
mmap(0x7acc95a28000, 1511424, PROT_READ|PROT_EXEC, MAP_PRIVATE|MAP_FIXED|MAP_DENYWRITE, 3, 0x24000) = 0x7acc95a28000
mmap(0x7acc95b99000, 323584, PROT_READ, MAP_PRIVATE|MAP_FIXED|MAP_DENYWRITE, 3, 0x195000) = 0x7acc95b99000
mmap(0x7acc95be8000, 24576, PROT_READ|PROT_WRITE, MAP_PRIVATE|MAP_FIXED|MAP_DENYWRITE, 3, 0x1e3000) = 0x7acc95be8000
mmap(0x7acc95bee000, 31864, PROT_READ|PROT_WRITE, MAP_PRIVATE|MAP_FIXED|MAP_ANONYMOUS, -1, 0) = 0x7acc95bee000
close(3)                                = 0
openat(AT_FDCWD, "/usr/lib/libxcb.so.1", O_RDONLY|O_CLOEXEC) = 3
read(3, "\177ELF\2\1\1\0\0\0\0\0\0\0\0\0\3\0>\0\1\0\0\0\0\0\0\0\0\0\0\0"..., 832) = 832
fstat(3, {st_mode=S_IFREG|0755, st_size=169984, ...}) = 0
mmap(NULL, 172264, PROT_READ, MAP_PRIVATE|MAP_DENYWRITE, 3, 0) = 0x7acc959d9000
mmap(0x7acc959e5000, 81920, PROT_READ|PROT_EXEC, MAP_PRIVATE|MAP_FIXED|MAP_DENYWRITE, 3, 0xc000) = 0x7acc959e5000
mmap(0x7acc959f9000, 36864, PROT_READ, MAP_PRIVATE|MAP_FIXED|MAP_DENYWRITE, 3, 0x20000) = 0x7acc959f9000
mmap(0x7acc95a02000, 8192, PROT_READ|PROT_WRITE, MAP_PRIVATE|MAP_FIXED|MAP_DENYWRITE, 3, 0x28000) = 0x7acc95a02000
close(3)                                = 0
openat(AT_FDCWD, "/usr/lib/libXau.so.6", O_RDONLY|O_CLOEXEC) = 3
read(3, "\177ELF\2\1\1\0\0\0\0\0\0\0\0\0\3\0>\0\1\0\0\0\0\0\0\0\0\0\0\0"..., 832) = 832
fstat(3, {st_mode=S_IFREG|0755, st_size=14232, ...}) = 0
mmap(NULL, 16424, PROT_READ, MAP_PRIVATE|MAP_DENYWRITE, 3, 0) = 0x7acc959d4000
mmap(0x7acc959d5000, 4096, PROT_READ|PROT_EXEC, MAP_PRIVATE|MAP_FIXED|MAP_DENYWRITE, 3, 0x1000) = 0x7acc959d5000
mmap(0x7acc959d6000, 4096, PROT_READ, MAP_PRIVATE|MAP_FIXED|MAP_DENYWRITE, 3, 0x2000) = 0x7acc959d6000
mmap(0x7acc959d7000, 8192, PROT_READ|PROT_WRITE, MAP_PRIVATE|MAP_FIXED|MAP_DENYWRITE, 3, 0x2000) = 0x7acc959d7000
close(3)                                = 0
openat(AT_FDCWD, "/usr/lib/libXdmcp.so.6", O_RDONLY|O_CLOEXEC) = 3
read(3, "\177ELF\2\1\1\0\0\0\0\0\0\0\0\0\3\0>\0\1\0\0\0\0\0\0\0\0\0\0\0"..., 832) = 832
fstat(3, {st_mode=S_IFREG|0755, st_size=26488, ...}) = 0
mmap(NULL, 28688, PROT_READ, MAP_PRIVATE|MAP_DENYWRITE, 3, 0) = 0x7acc959cc000
mmap(0x7acc959ce000, 8192, PROT_READ|PROT_EXEC, MAP_PRIVATE|MAP_FIXED|MAP_DENYWRITE, 3, 0x2000) = 0x7acc959ce000
mmap(0x7acc959d0000, 8192, PROT_READ, MAP_PRIVATE|MAP_FIXED|MAP_DENYWRITE, 3, 0x4000) = 0x7acc959d0000
mmap(0x7acc959d2000, 8192, PROT_READ|PROT_WRITE, MAP_PRIVATE|MAP_FIXED|MAP_DENYWRITE, 3, 0x5000) = 0x7acc959d2000
close(3)                                = 0
mmap(NULL, 8192, PROT_READ|PROT_WRITE, MAP_PRIVATE|MAP_ANONYMOUS, -1, 0) = 0x7acc959ca000
mmap(NULL, 12288, PROT_READ|PROT_WRITE, MAP_PRIVATE|MAP_ANONYMOUS, -1, 0) = 0x7acc959c7000
arch_prctl(ARCH_SET_FS, 0x7acc959c7740) = 0
set_tid_address(0x7acc959c7a10)         = 9556
set_robust_list(0x7acc959c7a20, 24)     = 0
rseq(0x7acc959c7680, 0x20, 0, 0x53053053) = 0
mprotect(0x7acc95be8000, 16384, PROT_READ) = 0
mprotect(0x7acc959d2000, 4096, PROT_READ) = 0
mprotect(0x7acc959d7000, 4096, PROT_READ) = 0
mprotect(0x7acc95a02000, 4096, PROT_READ) = 0
mprotect(0x7acc95d45000, 12288, PROT_READ) = 0
mprotect(0x7acc95c09000, 4096, PROT_READ) = 0
mprotect(0x5ea051120000, 4096, PROT_READ) = 0
mprotect(0x7acc95d9e000, 8192, PROT_READ) = 0
prlimit64(0, RLIMIT_STACK, NULL, {rlim_cur=8192*1024, rlim_max=RLIM64_INFINITY}) = 0
munmap(0x7acc95d4e000, 82623)           = 0
getrandom("\x72\xa5\x7b\x1b\xe2\x0b\x86\x1f", 8, GRND_NONBLOCK) = 8
brk(NULL)                               = 0x5ea08afa1000
brk(0x5ea08afc2000)                     = 0x5ea08afc2000
pipe2([3, 4], O_CLOEXEC)                = 0
prlimit64(0, RLIMIT_NOFILE, NULL, {rlim_cur=1024, rlim_max=512*1024}) = 0
prlimit64(0, RLIMIT_NOFILE, NULL, {rlim_cur=1024, rlim_max=512*1024}) = 0
mmap(NULL, 36864, PROT_READ|PROT_WRITE, MAP_PRIVATE|MAP_ANONYMOUS|MAP_STACK, -1, 0) = 0x7acc95d5a000
rt_sigprocmask(SIG_BLOCK, ~[], [], 8)   = 0
clone3({flags=CLONE_VM|CLONE_VFORK|CLONE_CLEAR_SIGHAND, exit_signal=SIGCHLD, stack=0x7acc95d5a000, stack_size=0x9000}, 88) = 9557
munmap(0x7acc95d5a000, 36864)           = 0
rt_sigprocmask(SIG_SETMASK, [], NULL, 8) = 0
close(4)                                = 0
fcntl(3, F_SETFD, 0)                    = 0
fstat(3, {st_mode=S_IFIFO|0600, st_size=0, ...}) = 0
read(3, "/run/user/1000/i3/ipc-socket.737"..., 4096) = 33
close(3)                                = 0
wait4(9557, [{WIFEXITED(s) && WEXITSTATUS(s) == 0}], 0, NULL) = 9557
--- SIGCHLD {si_signo=SIGCHLD, si_code=CLD_EXITED, si_pid=9557, si_uid=1000, si_status=0, si_utime=1 /* 0.01 s */, si_stime=1 /* 0.01 s */} ---
socket(AF_UNIX, SOCK_STREAM, 0)         = 3
fstat(1, {st_mode=S_IFCHR|0620, st_rdev=makedev(0x88, 0x1), ...}) = 0
write(1, "msg :69 33 2d 69 70 63 00 00 00 "..., 57) = 57
connect(3, {sa_family=AF_UNIX, sun_path="/run/user/1000/i3/ipc-socket.737"}, 110) = 0
write(3, "i3-ipc\0\0\0\3\0\0\0\0nop", 17) = 17
write(1, "Req 17\n", 7)                 = 7
read(3, 0x7ffc8dcffb90, 1028)           = ? ERESTARTSYS (To be restarted if SA_RESTART is set)
--- SIGINT {si_signo=SIGINT, si_code=SI_KERNEL} ---
+++ killed by SIGINT +++
